# JRE version: OpenJDK Runtime Environment Temurin-17.0.9+9 (17.0.9+9) (build 17.0.9+9)
# Java VM: OpenJDK 64-Bit Server VM Temurin-17.0.9+9 (17.0.9+9, mixed mode, sharing, tiered, compressed oops, compressed class ptrs, g1 gc, windows-amd64)
GC Precious Log:
 CPUs: 12 total, 12 available
 Memory: 32449M
 Large Page Support: Disabled
 NUMA Support: Disabled
 Compressed Oops: Enabled (32-bit)
 Heap Region Size: 1M
 Heap Min Capacity: 8M
 Heap Initial Capacity: 508M
 Heap Max Capacity: 512M
 Pre-touch: Disabled
 Parallel Workers: 10
 Concurrent Workers: 3
 Concurrent Refinement Workers: 10
 Periodic GC: Disabled
Heap:
 garbage-first heap   total 68608K, used 25809K [0x00000000e0000000, 0x0000000100000000)
  region size 1024K, 8 young (8192K), 3 survivors (3072K)
 Metaspace       used 37409K, committed 37696K, reserved 1114112K
  class space    used 5845K, committed 6016K, reserved 1048576K
GC Heap History (12 events):
Event: 0.302 GC heap before
{Heap before GC invocations=0 (full 0):
 garbage-first heap   total 520192K, used 26624K [0x00000000e0000000, 0x0000000100000000)
  region size 1024K, 25 young (25600K), 0 survivors (0K)
 Metaspace       used 6004K, committed 6208K, reserved 1114112K
  class space    used 590K, committed 704K, reserved 1048576K
}
Event: 0.304 GC heap after
{Heap after GC invocations=1 (full 0):
 garbage-first heap   total 520192K, used 11481K [0x00000000e0000000, 0x0000000100000000)
  region size 1024K, 4 young (4096K), 4 survivors (4096K)
 Metaspace       used 6004K, committed 6208K, reserved 1114112K
  class space    used 590K, committed 704K, reserved 1048576K
}
Event: 0.452 GC heap before
{Heap before GC invocations=1 (full 0):
 garbage-first heap   total 520192K, used 34009K [0x00000000e0000000, 0x0000000100000000)
  region size 1024K, 27 young (27648K), 4 survivors (4096K)
 Metaspace       used 12747K, committed 12928K, reserved 1114112K
  class space    used 1379K, committed 1472K, reserved 1048576K
}
Event: 0.453 GC heap after
{Heap after GC invocations=2 (full 0):
 garbage-first heap   total 520192K, used 14231K [0x00000000e0000000, 0x0000000100000000)
  region size 1024K, 3 young (3072K), 3 survivors (3072K)
 Metaspace       used 12747K, committed 12928K, reserved 1114112K
  class space    used 1379K, committed 1472K, reserved 1048576K
}
Event: 0.841 GC heap before
{Heap before GC invocations=2 (full 0):
 garbage-first heap   total 520192K, used 41879K [0x00000000e0000000, 0x0000000100000000)
  region size 1024K, 32 young (32768K), 3 survivors (3072K)
 Metaspace       used 21300K, committed 21504K, reserved 1114112K
  class space    used 2356K, committed 2432K, reserved 1048576K
}
Event: 0.843 GC heap after
{Heap after GC invocations=3 (full 0):
 garbage-first heap   total 520192K, used 16725K [0x00000000e0000000, 0x0000000100000000)
  region size 1024K, 6 young (6144K), 6 survivors (6144K)
 Metaspace       used 21300K, committed 21504K, reserved 1114112K
  class space    used 2356K, committed 2432K, reserved 1048576K
}
Event: 1.087 GC heap before
{Heap before GC invocations=4 (full 0):
 garbage-first heap   total 68608K, used 48469K [0x00000000e0000000, 0x0000000100000000)
  region size 1024K, 39 young (39936K), 6 survivors (6144K)
 Metaspace       used 27513K, committed 27776K, reserved 1114112K
  class space    used 3132K, committed 3264K, reserved 1048576K
}
Event: 1.089 GC heap after
{Heap after GC invocations=5 (full 0):
 garbage-first heap   total 68608K, used 18724K [0x00000000e0000000, 0x0000000100000000)
  region size 1024K, 7 young (7168K), 7 survivors (7168K)
 Metaspace       used 27513K, committed 27776K, reserved 1114112K
  class space    used 3132K, committed 3264K, reserved 1048576K
}
Event: 1.101 GC heap before
{Heap before GC invocations=5 (full 0):
 garbage-first heap   total 68608K, used 44324K [0x00000000e0000000, 0x0000000100000000)
  region size 1024K, 32 young (32768K), 7 survivors (7168K)
 Metaspace       used 27828K, committed 28160K, reserved 1114112K
  class space    used 3160K, committed 3328K, reserved 1048576K
}
Event: 1.103 GC heap after
{Heap after GC invocations=6 (full 0):
 garbage-first heap   total 68608K, used 19678K [0x00000000e0000000, 0x0000000100000000)
  region size 1024K, 4 young (4096K), 4 survivors (4096K)
 Metaspace       used 27828K, committed 28160K, reserved 1114112K
  class space    used 3160K, committed 3328K, reserved 1048576K
}
Event: 1.299 GC heap before
{Heap before GC invocations=6 (full 0):
 garbage-first heap   total 68608K, used 45278K [0x00000000e0000000, 0x0000000100000000)
  region size 1024K, 30 young (30720K), 4 survivors (4096K)
 Metaspace       used 33832K, committed 34048K, reserved 1114112K
  class space    used 4561K, committed 4672K, reserved 1048576K
}
Event: 1.301 GC heap after
{Heap after GC invocations=7 (full 0):
 garbage-first heap   total 68608K, used 20946K [0x00000000e0000000, 0x0000000100000000)
  region size 1024K, 3 young (3072K), 3 survivors (3072K)
 Metaspace       used 33832K, committed 34048K, reserved 1114112K
  class space    used 4561K, committed 4672K, reserved 1048576K
}

